  [1m[35m (7.8ms)[0m  [1m[34mSELECT sqlite_version(*)[0m
  [1m[35m (10.0ms)[0m  [1m[35mCREATE TABLE "schema_migrations" ("version" varchar NOT NULL PRIMARY KEY)[0m
  [1m[35m (7.3ms)[0m  [1m[35mCREATE TABLE "ar_internal_metadata" ("key" varchar NOT NULL PRIMARY KEY, "value" varchar, "created_at" datetime(6) NOT NULL, "updated_at" datetime(6) NOT NULL)[0m
  [1m[36mActiveRecord::InternalMetadata Load (0.5ms)[0m  [1m[34mSELECT "ar_internal_metadata".* FROM "ar_internal_metadata" WHERE "ar_internal_metadata"."key" = ? LIMIT ?[0m  [["key", "environment"], ["LIMIT", 1]]
  [1m[36mTRANSACTION (0.1ms)[0m  [1m[36mbegin transaction[0m
  [1m[36mActiveRecord::InternalMetadata Create (1.6ms)[0m  [1m[32mINSERT INTO "ar_internal_metadata" ("key", "value", "created_at", "updated_at") VALUES (?, ?, ?, ?)[0m  [["key", "environment"], ["value", "development"], ["created_at", "2021-04-26 13:32:04.967392"], ["updated_at", "2021-04-26 13:32:04.967392"]]
  [1m[36mTRANSACTION (5.5ms)[0m  [1m[36mcommit transaction[0m
  [1m[35m (0.1ms)[0m  [1m[34mSELECT sqlite_version(*)[0m
  [1m[35m (0.4ms)[0m  [1m[34mSELECT "schema_migrations"."version" FROM "schema_migrations" ORDER BY "schema_migrations"."version" ASC[0m
  [1m[35m (1.1ms)[0m  [1m[34mSELECT sqlite_version(*)[0m
  [1m[35m (0.4ms)[0m  [1m[34mSELECT "schema_migrations"."version" FROM "schema_migrations" ORDER BY "schema_migrations"."version" ASC[0m
Migrating to CreatePosts (20210426133404)
  [1m[36mTRANSACTION (0.1ms)[0m  [1m[36mbegin transaction[0m
  [1m[35m (2.2ms)[0m  [1m[35mCREATE TABLE "posts" ("id" integer PRIMARY KEY AUTOINCREMENT NOT NULL, "title" varchar, "body" text, "created_at" datetime(6) NOT NULL, "updated_at" datetime(6) NOT NULL)[0m
  [1m[36mActiveRecord::SchemaMigration Create (0.4ms)[0m  [1m[32mINSERT INTO "schema_migrations" ("version") VALUES (?)[0m  [["version", "20210426133404"]]
  [1m[36mTRANSACTION (6.2ms)[0m  [1m[36mcommit transaction[0m
  [1m[36mActiveRecord::InternalMetadata Load (0.6ms)[0m  [1m[34mSELECT "ar_internal_metadata".* FROM "ar_internal_metadata" WHERE "ar_internal_metadata"."key" = ? LIMIT ?[0m  [["key", "environment"], ["LIMIT", 1]]
  [1m[35m (0.1ms)[0m  [1m[34mSELECT sqlite_version(*)[0m
  [1m[35m (0.5ms)[0m  [1m[34mSELECT "schema_migrations"."version" FROM "schema_migrations" ORDER BY "schema_migrations"."version" ASC[0m
DEPRECATION WARNING: [] is deprecated and will be removed from Rails 6.2 (Use configs_for) (called from migration_template at (erb):6)
DEPRECATION WARNING: [] is deprecated and will be removed from Rails 6.2 (Use configs_for) (called from migration_template at (erb):6)
DEPRECATION WARNING: [] is deprecated and will be removed from Rails 6.2 (Use configs_for) (called from <main> at bin/rails:4)
DEPRECATION WARNING: [] is deprecated and will be removed from Rails 6.2 (Use configs_for) (called from <main> at bin/rails:4)
DEPRECATION WARNING: [] is deprecated and will be removed from Rails 6.2 (Use configs_for) (called from <main> at bin/rails:4)
DEPRECATION WARNING: [] is deprecated and will be removed from Rails 6.2 (Use configs_for) (called from <main> at bin/rails:4)
DEPRECATION WARNING: [] is deprecated and will be removed from Rails 6.2 (Use configs_for) (called from <main> at bin/rails:4)
  [1m[35m (1.2ms)[0m  [1m[34mSELECT sqlite_version(*)[0m
  [1m[35m (0.4ms)[0m  [1m[34mSELECT "schema_migrations"."version" FROM "schema_migrations" ORDER BY "schema_migrations"."version" ASC[0m
Migrating to DeviseCreateUsers (20210426134136)
  [1m[36mTRANSACTION (0.2ms)[0m  [1m[36mbegin transaction[0m
  [1m[35m (2.7ms)[0m  [1m[35mCREATE TABLE "users" ("id" integer PRIMARY KEY AUTOINCREMENT NOT NULL, "email" varchar DEFAULT '' NOT NULL, "encrypted_password" varchar DEFAULT '' NOT NULL, "reset_password_token" varchar, "reset_password_sent_at" datetime, "remember_created_at" datetime, "created_at" datetime(6) NOT NULL, "updated_at" datetime(6) NOT NULL)[0m
  [1m[35m (0.6ms)[0m  [1m[35mCREATE UNIQUE INDEX "index_users_on_email" ON "users" ("email")[0m
  [1m[35m (0.5ms)[0m  [1m[35mCREATE UNIQUE INDEX "index_users_on_reset_password_token" ON "users" ("reset_password_token")[0m
  [1m[36mActiveRecord::SchemaMigration Create (0.5ms)[0m  [1m[32mINSERT INTO "schema_migrations" ("version") VALUES (?)[0m  [["version", "20210426134136"]]
  [1m[36mTRANSACTION (6.8ms)[0m  [1m[36mcommit transaction[0m
  [1m[36mActiveRecord::InternalMetadata Load (0.7ms)[0m  [1m[34mSELECT "ar_internal_metadata".* FROM "ar_internal_metadata" WHERE "ar_internal_metadata"."key" = ? LIMIT ?[0m  [["key", "environment"], ["LIMIT", 1]]
  [1m[35m (0.2ms)[0m  [1m[34mSELECT sqlite_version(*)[0m
  [1m[35m (0.5ms)[0m  [1m[34mSELECT "schema_migrations"."version" FROM "schema_migrations" ORDER BY "schema_migrations"."version" ASC[0m
Started GET "/" for 127.0.0.1 at 2021-04-26 23:44:32 +1000
  [1m[35m (1.7ms)[0m  [1m[34mSELECT sqlite_version(*)[0m
  [1m[35m (0.6ms)[0m  [1m[34mSELECT "schema_migrations"."version" FROM "schema_migrations" ORDER BY "schema_migrations"."version" ASC[0m
Processing by Rails::WelcomeController#index as HTML
  Rendering C:/Ruby30-x64/lib/ruby/gems/3.0.0/gems/railties-6.1.3.1/lib/rails/templates/rails/welcome/index.html.erb
  Rendered C:/Ruby30-x64/lib/ruby/gems/3.0.0/gems/railties-6.1.3.1/lib/rails/templates/rails/welcome/index.html.erb (Duration: 21.1ms | Allocations: 618)
Completed 200 OK in 145ms (Views: 59.7ms | ActiveRecord: 0.0ms | Allocations: 5011)


Started GET "/" for 127.0.0.1 at 2021-04-26 23:44:36 +1000
Processing by Rails::WelcomeController#index as HTML
  Rendering C:/Ruby30-x64/lib/ruby/gems/3.0.0/gems/railties-6.1.3.1/lib/rails/templates/rails/welcome/index.html.erb
  Rendered C:/Ruby30-x64/lib/ruby/gems/3.0.0/gems/railties-6.1.3.1/lib/rails/templates/rails/welcome/index.html.erb (Duration: 11.4ms | Allocations: 262)
Completed 200 OK in 23ms (Views: 15.0ms | ActiveRecord: 0.0ms | Allocations: 1179)


Started GET "/user" for 127.0.0.1 at 2021-04-26 23:44:46 +1000
  
ActionController::RoutingError (No route matches [GET] "/user"):
  
Started GET "/" for 127.0.0.1 at 2021-04-26 23:44:48 +1000
Processing by Rails::WelcomeController#index as HTML
  Rendering C:/Ruby30-x64/lib/ruby/gems/3.0.0/gems/railties-6.1.3.1/lib/rails/templates/rails/welcome/index.html.erb
  Rendered C:/Ruby30-x64/lib/ruby/gems/3.0.0/gems/railties-6.1.3.1/lib/rails/templates/rails/welcome/index.html.erb (Duration: 0.9ms | Allocations: 50)
Completed 200 OK in 5ms (Views: 3.2ms | ActiveRecord: 0.0ms | Allocations: 503)


Started GET "/" for 127.0.0.1 at 2021-04-27 00:21:57 +1000
  [1m[35m (3.1ms)[0m  [1m[34mSELECT sqlite_version(*)[0m
  [1m[35m (1.4ms)[0m  [1m[34mSELECT "schema_migrations"."version" FROM "schema_migrations" ORDER BY "schema_migrations"."version" ASC[0m
Processing by PostsController#index as HTML
  Rendering layout layouts/application.html.erb
  Rendering posts/index.html.erb within layouts/application
  [1m[36mPost Load (0.8ms)[0m  [1m[34mSELECT "posts".* FROM "posts"[0m
  ↳ app/views/posts/index.html.erb:15
  Rendered posts/index.html.erb within layouts/application (Duration: 12.0ms | Allocations: 1580)
[Webpacker] Compiling...
Started GET "/charge/new" for 127.0.0.1 at 2021-04-27 00:22:04 +1000
  
ActionController::RoutingError (No route matches [GET] "/charge/new"):
  
Started GET "/charge/new" for 127.0.0.1 at 2021-04-27 00:22:13 +1000
  
ActionController::RoutingError (No route matches [GET] "/charge/new"):
  
[Webpacker] Compiled all packs in C:/Users/Rony MAN/OneDrive/rails/stripeonrails/public/packs
[Webpacker] Hash: e332c6419728fac579d5
Version: webpack 4.46.0
Time: 7898ms
Built at: 04/27/2021 12:22:17 AM
                                     Asset       Size       Chunks                         Chunk Names
    js/application-f826770d917d8a37c1d8.js    125 KiB  application  [emitted] [immutable]  application
js/application-f826770d917d8a37c1d8.js.map    139 KiB  application  [emitted] [dev]        application
                             manifest.json  364 bytes               [emitted]              
Entrypoint application = js/application-f826770d917d8a37c1d8.js js/application-f826770d917d8a37c1d8.js.map
[./app/javascript/channels sync recursive _channel\.js$] ./app/javascript/channels sync _channel\.js$ 160 bytes {application} [built]
[./app/javascript/channels/index.js] 211 bytes {application} [built]
[./app/javascript/packs/application.js] 492 bytes {application} [built]
[./node_modules/webpack/buildin/module.js] (webpack)/buildin/module.js 552 bytes {application} [built]
    + 3 hidden modules

  Rendered layout layouts/application.html.erb (Duration: 19904.3ms | Allocations: 120485)
Completed 200 OK in 19983ms (Views: 19933.1ms | ActiveRecord: 0.8ms | Allocations: 124598)


Started GET "/charges/new" for 127.0.0.1 at 2021-04-27 00:22:32 +1000
  
Zeitwerk::NameError (expected file C:/Users/Rony MAN/OneDrive/rails/stripeonrails/app/controllers/charges_controller.rb to define constant ChargesController, but didn't):
  
zeitwerk (2.4.2) lib/zeitwerk/loader/callbacks.rb:18:in `on_file_autoloaded'
zeitwerk (2.4.2) lib/zeitwerk/kernel.rb:27:in `block in require'
<internal:kernel>:90:in `tap'
zeitwerk (2.4.2) lib/zeitwerk/kernel.rb:26:in `require'
activesupport (6.1.3.1) lib/active_support/inflector/methods.rb:274:in `const_get'
activesupport (6.1.3.1) lib/active_support/inflector/methods.rb:274:in `constantize'
activesupport (6.1.3.1) lib/active_support/dependencies/zeitwerk_integration.rb:19:in `constantize'
actionpack (6.1.3.1) lib/action_dispatch/http/request.rb:93:in `controller_class_for'
actionpack (6.1.3.1) lib/action_dispatch/request/utils.rb:95:in `action_encoding_template'
actionpack (6.1.3.1) lib/action_dispatch/request/utils.rb:83:in `encode'
actionpack (6.1.3.1) lib/action_dispatch/request/utils.rb:45:in `set_binary_encoding'
actionpack (6.1.3.1) lib/action_dispatch/http/parameters.rb:68:in `path_parameters='
actionpack (6.1.3.1) lib/action_dispatch/journey/router.rb:48:in `block in serve'
actionpack (6.1.3.1) lib/action_dispatch/journey/router.rb:32:in `each'
actionpack (6.1.3.1) lib/action_dispatch/journey/router.rb:32:in `serve'
actionpack (6.1.3.1) lib/action_dispatch/routing/route_set.rb:842:in `call'
warden (1.2.9) lib/warden/manager.rb:36:in `block in call'
warden (1.2.9) lib/warden/manager.rb:34:in `catch'
warden (1.2.9) lib/warden/manager.rb:34:in `call'
rack (2.2.3) lib/rack/tempfile_reaper.rb:15:in `call'
rack (2.2.3) lib/rack/etag.rb:27:in `call'
rack (2.2.3) lib/rack/conditional_get.rb:27:in `call'
rack (2.2.3) lib/rack/head.rb:12:in `call'
actionpack (6.1.3.1) lib/action_dispatch/http/permissions_policy.rb:22:in `call'
actionpack (6.1.3.1) lib/action_dispatch/http/content_security_policy.rb:18:in `call'
rack (2.2.3) lib/rack/session/abstract/id.rb:266:in `context'
rack (2.2.3) lib/rack/session/abstract/id.rb:260:in `call'
actionpack (6.1.3.1) lib/action_dispatch/middleware/cookies.rb:689:in `call'
activerecord (6.1.3.1) lib/active_record/migration.rb:601:in `call'
actionpack (6.1.3.1) lib/action_dispatch/middleware/callbacks.rb:27:in `block in call'
activesupport (6.1.3.1) lib/active_support/callbacks.rb:98:in `run_callbacks'
actionpack (6.1.3.1) lib/action_dispatch/middleware/callbacks.rb:26:in `call'
actionpack (6.1.3.1) lib/action_dispatch/middleware/executor.rb:14:in `call'
actionpack (6.1.3.1) lib/action_dispatch/middleware/actionable_exceptions.rb:18:in `call'
actionpack (6.1.3.1) lib/action_dispatch/middleware/debug_exceptions.rb:29:in `call'
web-console (4.1.0) lib/web_console/middleware.rb:132:in `call_app'
web-console (4.1.0) lib/web_console/middleware.rb:28:in `block in call'
web-console (4.1.0) lib/web_console/middleware.rb:17:in `catch'
web-console (4.1.0) lib/web_console/middleware.rb:17:in `call'
actionpack (6.1.3.1) lib/action_dispatch/middleware/show_exceptions.rb:33:in `call'
railties (6.1.3.1) lib/rails/rack/logger.rb:37:in `call_app'
railties (6.1.3.1) lib/rails/rack/logger.rb:26:in `block in call'
activesupport (6.1.3.1) lib/active_support/tagged_logging.rb:99:in `block in tagged'
activesupport (6.1.3.1) lib/active_support/tagged_logging.rb:37:in `tagged'
activesupport (6.1.3.1) lib/active_support/tagged_logging.rb:99:in `tagged'
railties (6.1.3.1) lib/rails/rack/logger.rb:26:in `call'
sprockets-rails (3.2.2) lib/sprockets/rails/quiet_assets.rb:13:in `call'
actionpack (6.1.3.1) lib/action_dispatch/middleware/remote_ip.rb:81:in `call'
actionpack (6.1.3.1) lib/action_dispatch/middleware/request_id.rb:26:in `call'
rack (2.2.3) lib/rack/method_override.rb:24:in `call'
rack (2.2.3) lib/rack/runtime.rb:22:in `call'
activesupport (6.1.3.1) lib/active_support/cache/strategy/local_cache_middleware.rb:29:in `call'
actionpack (6.1.3.1) lib/action_dispatch/middleware/executor.rb:14:in `call'
actionpack (6.1.3.1) lib/action_dispatch/middleware/static.rb:24:in `call'
rack (2.2.3) lib/rack/sendfile.rb:110:in `call'
actionpack (6.1.3.1) lib/action_dispatch/middleware/host_authorization.rb:98:in `call'
rack-mini-profiler (2.3.1) lib/mini_profiler/profiler.rb:373:in `call'
webpacker (5.2.1) lib/webpacker/dev_server_proxy.rb:25:in `perform_request'
rack-proxy (0.6.5) lib/rack/proxy.rb:57:in `call'
railties (6.1.3.1) lib/rails/engine.rb:539:in `call'
puma (5.2.2) lib/puma/configuration.rb:248:in `call'
puma (5.2.2) lib/puma/request.rb:76:in `block in handle_request'
puma (5.2.2) lib/puma/thread_pool.rb:337:in `with_force_shutdown'
puma (5.2.2) lib/puma/request.rb:75:in `handle_request'
puma (5.2.2) lib/puma/server.rb:431:in `process_client'
puma (5.2.2) lib/puma/thread_pool.rb:145:in `block in spawn_thread'
Started GET "/charges/new" for 127.0.0.1 at 2021-04-27 00:25:07 +1000
  
SyntaxError (C:/Users/Rony MAN/OneDrive/rails/stripeonrails/app/controllers/charges_controller.rb:23: syntax error, unexpected end-of-input, expecting `end'):
  
app/controllers/charges_controller.rb:23: syntax error, unexpected end-of-input, expecting `end'
app/controllers/charges_controller.rb:23: syntax error, unexpected end-of-input, expecting `end'
app/controllers/charges_controller.rb:23: syntax error, unexpected end-of-input, expecting `end'
Started GET "/charges/new" for 127.0.0.1 at 2021-04-27 00:25:41 +1000
  
SyntaxError (C:/Users/Rony MAN/OneDrive/rails/stripeonrails/app/controllers/charges_controller.rb:23: syntax error, unexpected end-of-input, expecting `end'):
  
app/controllers/charges_controller.rb:23: syntax error, unexpected end-of-input, expecting `end'
app/controllers/charges_controller.rb:23: syntax error, unexpected end-of-input, expecting `end'
app/controllers/charges_controller.rb:23: syntax error, unexpected end-of-input, expecting `end'
Started GET "/charges/new" for 127.0.0.1 at 2021-04-27 00:25:58 +1000
Processing by ChargesController#new as HTML
  Rendering layout layouts/application.html.erb
  Rendering charges/new.html.erb within layouts/application
  Rendered charges/new.html.erb within layouts/application (Duration: 2.4ms | Allocations: 523)
[Webpacker] Everything's up-to-date. Nothing to do
  Rendered layout layouts/application.html.erb (Duration: 87.3ms | Allocations: 4517)
Completed 200 OK in 119ms (Views: 108.5ms | Allocations: 5805)


Started POST "/charges" for 127.0.0.1 at 2021-04-27 00:27:47 +1000
Processing by ChargesController#create as HTML
  Parameters: {"authenticity_token"=>"[FILTERED]", "stripeToken"=>"[FILTERED]", "stripeTokenType"=>"[FILTERED]", "stripeEmail"=>"biggogo.com@gmail.com"}
  Rendering layout layouts/application.html.erb
  Rendering charges/create.html.erb within layouts/application
  Rendered charges/create.html.erb within layouts/application (Duration: 1.7ms | Allocations: 126)
[Webpacker] Everything's up-to-date. Nothing to do
  Rendered layout layouts/application.html.erb (Duration: 84.5ms | Allocations: 4064)
Completed 200 OK in 2408ms (Views: 87.4ms | Allocations: 12257)


Started GET "/charges/new" for 127.0.0.1 at 2021-04-27 00:29:03 +1000
Processing by ChargesController#new as HTML
  Rendering layout layouts/application.html.erb
  Rendering charges/new.html.erb within layouts/application
  Rendered charges/new.html.erb within layouts/application (Duration: 1.0ms | Allocations: 178)
[Webpacker] Everything's up-to-date. Nothing to do
  Rendered layout layouts/application.html.erb (Duration: 77.5ms | Allocations: 3945)
Completed 200 OK in 81ms (Views: 79.6ms | Allocations: 4414)


Started GET "/" for 127.0.0.1 at 2021-04-27 00:29:07 +1000
Processing by PostsController#index as HTML
  Rendering layout layouts/application.html.erb
  Rendering posts/index.html.erb within layouts/application
  [1m[35m (0.2ms)[0m  [1m[34mSELECT sqlite_version(*)[0m
  ↳ app/views/posts/index.html.erb:15
  [1m[36mPost Load (0.8ms)[0m  [1m[34mSELECT "posts".* FROM "posts"[0m
  ↳ app/views/posts/index.html.erb:15
  Rendered posts/index.html.erb within layouts/application (Duration: 16.4ms | Allocations: 1713)
[Webpacker] Everything's up-to-date. Nothing to do
  Rendered layout layouts/application.html.erb (Duration: 99.1ms | Allocations: 5686)
Completed 200 OK in 107ms (Views: 102.5ms | ActiveRecord: 2.4ms | Allocations: 6900)


Started GET "/posts/new" for 127.0.0.1 at 2021-04-27 00:29:20 +1000
Processing by PostsController#new as HTML
  Rendering layout layouts/application.html.erb
  Rendering posts/new.html.erb within layouts/application
  Rendered posts/_form.html.erb (Duration: 210.9ms | Allocations: 8187)
  Rendered posts/new.html.erb within layouts/application (Duration: 218.9ms | Allocations: 8582)
[Webpacker] Everything's up-to-date. Nothing to do
  Rendered layout layouts/application.html.erb (Duration: 297.3ms | Allocations: 12421)
Completed 200 OK in 324ms (Views: 299.7ms | ActiveRecord: 3.3ms | Allocations: 16385)


Started GET "/charges/new" for 127.0.0.1 at 2021-04-27 00:31:59 +1000
Processing by ChargesController#new as HTML
  Rendering layout layouts/application.html.erb
  Rendering charges/new.html.erb within layouts/application
  Rendered charges/new.html.erb within layouts/application (Duration: 1.1ms | Allocations: 171)
[Webpacker] Everything's up-to-date. Nothing to do
  Rendered layout layouts/application.html.erb (Duration: 83.6ms | Allocations: 3940)
Completed 200 OK in 88ms (Views: 86.2ms | ActiveRecord: 0.0ms | Allocations: 4477)


Started GET "/charges/new" for 127.0.0.1 at 2021-04-27 00:37:32 +1000
Processing by ChargesController#new as HTML
  Rendering layout layouts/application.html.erb
  Rendering charges/new.html.erb within layouts/application
  Rendered charges/new.html.erb within layouts/application (Duration: 1.3ms | Allocations: 220)
[Webpacker] Everything's up-to-date. Nothing to do
  Rendered layout layouts/application.html.erb (Duration: 75.3ms | Allocations: 4113)
Completed 200 OK in 79ms (Views: 77.6ms | Allocations: 4689)


Started GET "/charges/new" for 127.0.0.1 at 2021-04-27 00:44:40 +1000
Processing by ChargesController#new as HTML
  Rendering layout layouts/application.html.erb
  Rendering charges/new.html.erb within layouts/application
  Rendered charges/new.html.erb within layouts/application (Duration: 11.6ms | Allocations: 2059)
  Rendered layout layouts/application.html.erb (Duration: 13.4ms | Allocations: 2132)
Completed 500 Internal Server Error in 46ms (Allocations: 3643)


  
ActionView::Template::Error (undefined method `email' for nil:NilClass):
    22:           data-key="<%= Rails.configuration.stripe[:publishable_key] %>"
    23:           data-description="<%= @description %>"
    24:           data-amount="<%= @amount %>"
    25:           data-email="<%= current_user.email %>"
    26:           data-locale="auto"></script>
    27: <% end %>
  
app/views/charges/new.html.erb:25
app/views/charges/new.html.erb:3
Started GET "/charges/new" for 127.0.0.1 at 2021-04-27 00:44:42 +1000
Processing by ChargesController#new as HTML
  Rendering layout layouts/application.html.erb
  Rendering charges/new.html.erb within layouts/application
  Rendered charges/new.html.erb within layouts/application (Duration: 2.3ms | Allocations: 1569)
  Rendered layout layouts/application.html.erb (Duration: 3.6ms | Allocations: 1635)
Completed 500 Internal Server Error in 7ms (Allocations: 2125)


  
ActionView::Template::Error (undefined method `email' for nil:NilClass):
    22:           data-key="<%= Rails.configuration.stripe[:publishable_key] %>"
    23:           data-description="<%= @description %>"
    24:           data-amount="<%= @amount %>"
    25:           data-email="<%= current_user.email %>"
    26:           data-locale="auto"></script>
    27: <% end %>
  
app/views/charges/new.html.erb:25
app/views/charges/new.html.erb:3
Started GET "/charges/new" for 127.0.0.1 at 2021-04-27 00:44:50 +1000
Processing by ChargesController#new as HTML
  Rendering layout layouts/application.html.erb
  Rendering charges/new.html.erb within layouts/application
  Rendered charges/new.html.erb within layouts/application (Duration: 3.9ms | Allocations: 1569)
  Rendered layout layouts/application.html.erb (Duration: 5.4ms | Allocations: 1635)
Completed 500 Internal Server Error in 9ms (Allocations: 2069)


  
ActionView::Template::Error (undefined method `email' for nil:NilClass):
    22:           data-key="<%= Rails.configuration.stripe[:publishable_key] %>"
    23:           data-description="<%= @description %>"
    24:           data-amount="<%= @amount %>"
    25:           data-email="<%= current_user.email %>"
    26:           data-locale="auto"></script>
    27: <% end %>
  
app/views/charges/new.html.erb:25
app/views/charges/new.html.erb:3
Started GET "/charges/new" for 127.0.0.1 at 2021-04-27 00:55:35 +1000
  [1m[35m (1.7ms)[0m  [1m[34mSELECT sqlite_version(*)[0m
  [1m[35m (0.7ms)[0m  [1m[34mSELECT "schema_migrations"."version" FROM "schema_migrations" ORDER BY "schema_migrations"."version" ASC[0m
Processing by ChargesController#new as HTML
Completed 401 Unauthorized in 63ms (ActiveRecord: 0.0ms | Allocations: 2892)


Started GET "/users/sign_in" for 127.0.0.1 at 2021-04-27 00:55:35 +1000
Processing by Devise::SessionsController#new as HTML
  Rendering layout layouts/application.html.erb
  Rendering devise/sessions/new.html.erb within layouts/application
  Rendered devise/shared/_links.html.erb (Duration: 4.5ms | Allocations: 704)
  Rendered devise/sessions/new.html.erb within layouts/application (Duration: 78.6ms | Allocations: 4129)
[Webpacker] Everything's up-to-date. Nothing to do
  Rendered layout layouts/application.html.erb (Duration: 240.2ms | Allocations: 11498)
Completed 200 OK in 336ms (Views: 300.1ms | ActiveRecord: 3.4ms | Allocations: 19815)


Started GET "/charges/new" for 127.0.0.1 at 2021-04-27 00:56:24 +1000
Processing by ChargesController#new as HTML
Completed 401 Unauthorized in 1ms (ActiveRecord: 0.0ms | Allocations: 331)


Started GET "/users/sign_in" for 127.0.0.1 at 2021-04-27 00:56:25 +1000
Processing by Devise::SessionsController#new as HTML
  Rendering layout layouts/application.html.erb
  Rendering devise/sessions/new.html.erb within layouts/application
  Rendered devise/shared/_links.html.erb (Duration: 1.2ms | Allocations: 158)
  Rendered devise/sessions/new.html.erb within layouts/application (Duration: 8.3ms | Allocations: 1080)
[Webpacker] Everything's up-to-date. Nothing to do
  Rendered layout layouts/application.html.erb (Duration: 100.2ms | Allocations: 5028)
Completed 200 OK in 106ms (Views: 103.4ms | ActiveRecord: 0.0ms | Allocations: 5811)


Started POST "/users/sign_in" for 127.0.0.1 at 2021-04-27 00:56:48 +1000
Processing by Devise::SessionsController#create as HTML
  Parameters: {"authenticity_token"=>"[FILTERED]", "user"=>{"email"=>"test@example.com", "password"=>"[FILTERED]", "remember_me"=>"0"}, "commit"=>"Log in"}
  [1m[36mUser Load (1.0ms)[0m  [1m[34mSELECT "users".* FROM "users" WHERE "users"."email" = ? ORDER BY "users"."id" ASC LIMIT ?[0m  [["email", "test@example.com"], ["LIMIT", 1]]
Completed 401 Unauthorized in 220ms (ActiveRecord: 1.0ms | Allocations: 5916)


Processing by Devise::SessionsController#new as HTML
  Parameters: {"authenticity_token"=>"[FILTERED]", "user"=>{"email"=>"test@example.com", "password"=>"[FILTERED]", "remember_me"=>"0"}, "commit"=>"Log in"}
  Rendering layout layouts/application.html.erb
  Rendering devise/sessions/new.html.erb within layouts/application
  Rendered devise/shared/_links.html.erb (Duration: 0.7ms | Allocations: 171)
  Rendered devise/sessions/new.html.erb within layouts/application (Duration: 6.1ms | Allocations: 1146)
[Webpacker] Everything's up-to-date. Nothing to do
  Rendered layout layouts/application.html.erb (Duration: 92.7ms | Allocations: 5078)
Completed 200 OK in 659ms (Views: 95.2ms | ActiveRecord: 0.0ms | Allocations: 7131)


Started GET "/users/sign_up" for 127.0.0.1 at 2021-04-27 00:56:56 +1000
Processing by Devise::RegistrationsController#new as HTML
  Rendering layout layouts/application.html.erb
  Rendering devise/registrations/new.html.erb within layouts/application
  Rendered devise/shared/_error_messages.html.erb (Duration: 1.6ms | Allocations: 239)
  Rendered devise/shared/_links.html.erb (Duration: 1.0ms | Allocations: 158)
  Rendered devise/registrations/new.html.erb within layouts/application (Duration: 15.8ms | Allocations: 2037)
[Webpacker] Everything's up-to-date. Nothing to do
  Rendered layout layouts/application.html.erb (Duration: 99.2ms | Allocations: 6039)
Completed 200 OK in 126ms (Views: 123.4ms | ActiveRecord: 0.0ms | Allocations: 7631)


Started POST "/users" for 127.0.0.1 at 2021-04-27 00:57:20 +1000
Processing by Devise::RegistrationsController#create as HTML
  Parameters: {"authenticity_token"=>"[FILTERED]", "user"=>{"email"=>"biggogo.com@gmail.com", "password"=>"[FILTERED]", "password_confirmation"=>"[FILTERED]"}, "commit"=>"Sign up"}
  [1m[36mTRANSACTION (0.4ms)[0m  [1m[36mbegin transaction[0m
  [1m[36mUser Exists? (0.7ms)[0m  [1m[34mSELECT 1 AS one FROM "users" WHERE "users"."email" = ? LIMIT ?[0m  [["email", "biggogo.com@gmail.com"], ["LIMIT", 1]]
  [1m[36mUser Create (11.0ms)[0m  [1m[32mINSERT INTO "users" ("email", "encrypted_password", "created_at", "updated_at") VALUES (?, ?, ?, ?)[0m  [["email", "biggogo.com@gmail.com"], ["encrypted_password", "$2a$12$4ojmcO2EhtZ0BYxui8qRHO1bGiVEQgjIuPlHfSrdi.t2eyYBJNO9C"], ["created_at", "2021-04-26 14:57:21.247324"], ["updated_at", "2021-04-26 14:57:21.247324"]]
  [1m[36mTRANSACTION (9.6ms)[0m  [1m[36mcommit transaction[0m
Redirected to http://127.0.0.1:3000/charges/new
Completed 302 Found in 809ms (ActiveRecord: 21.7ms | Allocations: 10809)


Started GET "/charges/new" for 127.0.0.1 at 2021-04-27 00:57:21 +1000
Processing by ChargesController#new as HTML
  [1m[36mUser Load (1.5ms)[0m  [1m[34mSELECT "users".* FROM "users" WHERE "users"."id" = ? ORDER BY "users"."id" ASC LIMIT ?[0m  [["id", 1], ["LIMIT", 1]]
  Rendering layout layouts/application.html.erb
  Rendering charges/new.html.erb within layouts/application
  Rendered charges/new.html.erb within layouts/application (Duration: 3.5ms | Allocations: 574)
[Webpacker] Everything's up-to-date. Nothing to do
  Rendered layout layouts/application.html.erb (Duration: 77.3ms | Allocations: 4559)
Completed 200 OK in 115ms (Views: 98.3ms | ActiveRecord: 1.5ms | Allocations: 7156)


Started GET "/charges/new" for 127.0.0.1 at 2021-04-27 00:57:55 +1000
Processing by ChargesController#new as HTML
  [1m[36mUser Load (1.1ms)[0m  [1m[34mSELECT "users".* FROM "users" WHERE "users"."id" = ? ORDER BY "users"."id" ASC LIMIT ?[0m  [["id", 1], ["LIMIT", 1]]
  Rendering layout layouts/application.html.erb
  Rendering charges/new.html.erb within layouts/application
  Rendered charges/new.html.erb within layouts/application (Duration: 2.3ms | Allocations: 528)
[Webpacker] Everything's up-to-date. Nothing to do
  Rendered layout layouts/application.html.erb (Duration: 80.3ms | Allocations: 4718)
Completed 200 OK in 119ms (Views: 102.2ms | ActiveRecord: 1.1ms | Allocations: 7443)


Started POST "/charges" for 127.0.0.1 at 2021-04-27 00:58:47 +1000
Processing by ChargesController#create as HTML
  Parameters: {"authenticity_token"=>"[FILTERED]", "stripeToken"=>"[FILTERED]", "stripeTokenType"=>"[FILTERED]", "stripeEmail"=>"biggogo.com@gmail.com"}
  [1m[36mUser Load (0.5ms)[0m  [1m[34mSELECT "users".* FROM "users" WHERE "users"."id" = ? ORDER BY "users"."id" ASC LIMIT ?[0m  [["id", 1], ["LIMIT", 1]]
Completed 500 Internal Server Error in 12ms (ActiveRecord: 0.5ms | Allocations: 3850)


  
NameError (uninitialized constant ChargesController::StripeTool):
  
app/controllers/charges_controller.rb:30:in `create'
Started POST "/charges" for 127.0.0.1 at 2021-04-27 01:01:13 +1000
  
ArgumentError (Invalid route name, already in use: 'thanks' 
You may have defined two routes with the same name using the `:as` option, or you may be overriding a route already defined by a resource with the same naming. For the latter, you can restrict the routes created with `resources` as explained here: 
https://guides.rubyonrails.org/routing.html#restricting-the-routes-created):
  
config/routes.rb:9:in `block in <main>'
config/routes.rb:3:in `<main>'
Started POST "/charges" for 127.0.0.1 at 2021-04-27 01:05:17 +1000
Processing by ChargesController#create as HTML
  Parameters: {"authenticity_token"=>"[FILTERED]", "stripeToken"=>"[FILTERED]", "stripeTokenType"=>"[FILTERED]", "stripeEmail"=>"biggogo.com@gmail.com"}
  [1m[35m (0.2ms)[0m  [1m[34mSELECT sqlite_version(*)[0m
  [1m[36mUser Load (0.8ms)[0m  [1m[34mSELECT "users".* FROM "users" WHERE "users"."id" = ? ORDER BY "users"."id" ASC LIMIT ?[0m  [["id", 1], ["LIMIT", 1]]
Completed 500 Internal Server Error in 49ms (ActiveRecord: 5.0ms | Allocations: 9755)


  
NameError (uninitialized constant ChargesController::StripeTool):
  
app/controllers/charges_controller.rb:30:in `create'
Started POST "/charges" for 127.0.0.1 at 2021-04-27 01:06:33 +1000
Processing by ChargesController#create as HTML
  Parameters: {"authenticity_token"=>"[FILTERED]", "stripeToken"=>"[FILTERED]", "stripeTokenType"=>"[FILTERED]", "stripeEmail"=>"biggogo.com@gmail.com"}
  [1m[36mUser Load (0.6ms)[0m  [1m[34mSELECT "users".* FROM "users" WHERE "users"."id" = ? ORDER BY "users"."id" ASC LIMIT ?[0m  [["id", 1], ["LIMIT", 1]]
Completed 500 Internal Server Error in 14ms (ActiveRecord: 0.6ms | Allocations: 3651)


  
NameError (uninitialized constant ChargesController::StripeTool):
  
app/controllers/charges_controller.rb:30:in `create'
Started POST "/charges" for 127.0.0.1 at 2021-04-27 01:06:37 +1000
Processing by ChargesController#create as HTML
  Parameters: {"authenticity_token"=>"[FILTERED]", "stripeToken"=>"[FILTERED]", "stripeTokenType"=>"[FILTERED]", "stripeEmail"=>"biggogo.com@gmail.com"}
  [1m[36mUser Load (0.5ms)[0m  [1m[34mSELECT "users".* FROM "users" WHERE "users"."id" = ? ORDER BY "users"."id" ASC LIMIT ?[0m  [["id", 1], ["LIMIT", 1]]
Completed 500 Internal Server Error in 16ms (ActiveRecord: 0.5ms | Allocations: 3594)


  
NameError (uninitialized constant ChargesController::StripeTool):
  
app/controllers/charges_controller.rb:30:in `create'
Started POST "/charges" for 127.0.0.1 at 2021-04-27 01:06:46 +1000
Processing by ChargesController#create as HTML
  Parameters: {"authenticity_token"=>"[FILTERED]", "stripeToken"=>"[FILTERED]", "stripeTokenType"=>"[FILTERED]", "stripeEmail"=>"biggogo.com@gmail.com"}
  [1m[36mUser Load (0.7ms)[0m  [1m[34mSELECT "users".* FROM "users" WHERE "users"."id" = ? ORDER BY "users"."id" ASC LIMIT ?[0m  [["id", 1], ["LIMIT", 1]]
Completed 500 Internal Server Error in 17ms (ActiveRecord: 0.7ms | Allocations: 3612)


  
NameError (uninitialized constant ChargesController::StripeTool):
  
app/controllers/charges_controller.rb:30:in `create'
Started POST "/__web_console/repl_sessions/27600b2da0b65e8151c6de29c6c68bc0/trace" for 127.0.0.1 at 2021-04-27 01:07:01 +1000
Started GET "/charges/new" for 127.0.0.1 at 2021-04-27 01:08:14 +1000
Processing by ChargesController#new as HTML
  [1m[36mUser Load (0.5ms)[0m  [1m[34mSELECT "users".* FROM "users" WHERE "users"."id" = ? ORDER BY "users"."id" ASC LIMIT ?[0m  [["id", 1], ["LIMIT", 1]]
  Rendering layout layouts/application.html.erb
  Rendering charges/new.html.erb within layouts/application
  Rendered charges/new.html.erb within layouts/application (Duration: 2.6ms | Allocations: 532)
[Webpacker] Everything's up-to-date. Nothing to do
  Rendered layout layouts/application.html.erb (Duration: 63.2ms | Allocations: 4722)
Completed 200 OK in 88ms (Views: 79.1ms | ActiveRecord: 0.5ms | Allocations: 7273)


Started GET "/charges/new" for 127.0.0.1 at 2021-04-27 01:10:01 +1000
Processing by ChargesController#new as HTML
  [1m[35m (0.2ms)[0m  [1m[34mSELECT sqlite_version(*)[0m
  [1m[36mUser Load (0.7ms)[0m  [1m[34mSELECT "users".* FROM "users" WHERE "users"."id" = ? ORDER BY "users"."id" ASC LIMIT ?[0m  [["id", 1], ["LIMIT", 1]]
  Rendering layout layouts/application.html.erb
  Rendering charges/new.html.erb within layouts/application
  Rendered charges/new.html.erb within layouts/application (Duration: 1.5ms | Allocations: 293)
[Webpacker] Everything's up-to-date. Nothing to do
  Rendered layout layouts/application.html.erb (Duration: 84.3ms | Allocations: 4264)
Completed 200 OK in 129ms (Views: 88.3ms | ActiveRecord: 5.3ms | Allocations: 12211)


Started GET "/charges" for 127.0.0.1 at 2021-04-27 01:10:06 +1000
  
ActionController::RoutingError (No route matches [GET] "/charges"):
  
Started GET "/charges" for 127.0.0.1 at 2021-04-27 01:14:57 +1000
  
ActionController::RoutingError (No route matches [GET] "/charges"):
  
Started GET "/charges" for 127.0.0.1 at 2021-04-27 01:17:06 +1000
  
ArgumentError (Invalid route name, already in use: 'thanks' 
You may have defined two routes with the same name using the `:as` option, or you may be overriding a route already defined by a resource with the same naming. For the latter, you can restrict the routes created with `resources` as explained here: 
https://guides.rubyonrails.org/routing.html#restricting-the-routes-created):
  
config/routes.rb:9:in `block in <main>'
config/routes.rb:3:in `<main>'
Started GET "/charges" for 127.0.0.1 at 2021-04-27 01:17:18 +1000
Processing by ChargesController#thanks as HTML
  [1m[35m (0.4ms)[0m  [1m[34mSELECT sqlite_version(*)[0m
  [1m[36mUser Load (1.5ms)[0m  [1m[34mSELECT "users".* FROM "users" WHERE "users"."id" = ? ORDER BY "users"."id" ASC LIMIT ?[0m  [["id", 1], ["LIMIT", 1]]
  Rendering layout layouts/application.html.erb
  Rendering charges/thanks.html.erb within layouts/application
  Rendered charges/thanks.html.erb within layouts/application (Duration: 2.4ms | Allocations: 145)
[Webpacker] Everything's up-to-date. Nothing to do
  Rendered layout layouts/application.html.erb (Duration: 143.0ms | Allocations: 4196)
Completed 200 OK in 219ms (Views: 150.3ms | ActiveRecord: 3.9ms | Allocations: 11792)


Started GET "/charges/create" for 127.0.0.1 at 2021-04-27 01:17:58 +1000
  
ActionController::RoutingError (No route matches [GET] "/charges/create"):
  
Started GET "/charges" for 127.0.0.1 at 2021-04-27 01:18:34 +1000
Processing by ChargesController#thanks as HTML
  [1m[35m (0.2ms)[0m  [1m[34mSELECT sqlite_version(*)[0m
  [1m[36mUser Load (0.6ms)[0m  [1m[34mSELECT "users".* FROM "users" WHERE "users"."id" = ? ORDER BY "users"."id" ASC LIMIT ?[0m  [["id", 1], ["LIMIT", 1]]
  Rendering layout layouts/application.html.erb
  Rendering charges/thanks.html.erb within layouts/application
  Rendered charges/thanks.html.erb within layouts/application (Duration: 1.1ms | Allocations: 144)
[Webpacker] Everything's up-to-date. Nothing to do
  Rendered layout layouts/application.html.erb (Duration: 69.1ms | Allocations: 4352)
Completed 200 OK in 127ms (Views: 89.7ms | ActiveRecord: 4.5ms | Allocations: 13043)


Started GET "/admin" for 127.0.0.1 at 2021-04-27 01:18:50 +1000
  
ActionController::RoutingError (No route matches [GET] "/admin"):
  
